app/build/outputs/logs/manifest-merger-debug-report.txt
-- Merging decision tree log ---
manifest
ADDED from Cordova/app/AndroidManifest.xml:20:1-87:12
	package
		ADDED from Cordova/app/AndroidManifest.xml:21:7-40
	android:versionName
		ADDED from Cordova/app/AndroidManifest.xml:21:41-66
		INJECTED from Cordova/app/AndroidManifest.xml
		INJECTED from Cordova/app/AndroidManifest.xml
	android:windowSoftInputMode
		ADDED from Cordova/app/AndroidManifest.xml:20:70-109
	android:versionCode
		ADDED from Cordova/app/AndroidManifest.xml:21:67-90
		INJECTED from Cordova/app/AndroidManifest.xml
		INJECTED from Cordova/app/AndroidManifest.xml
	xmlns:android
		ADDED from Cordova/app/AndroidManifest.xml:20:11-69
supports-screens
ADDED from Cordova/app/AndroidManifest.xml:22:5-29:11
	android:largeScreens
		ADDED from Cordova/app/AndroidManifest.xml:23:9-36
	android:smallScreens
		ADDED from Cordova/app/AndroidManifest.xml:25:9-36
	android:normalScreens
		ADDED from Cordova/app/AndroidManifest.xml:24:9-37
	android:xlargeScreens
		ADDED from Cordova/app/AndroidManifest.xml:26:9-37
	android:resizeable
		ADDED from Cordova/app/AndroidManifest.xml:27:9-34
	android:anyDensity
		ADDED from Cordova/app/AndroidManifest.xml:28:9-34
uses-permission#android.permission.VIBRATE
ADDED from Cordova/app/AndroidManifest.xml:31:5-66
	android:name
		ADDED from Cordova/app/AndroidManifest.xml:31:22-63
uses-permission#android.permission.ACCESS_COARSE_LOCATION
ADDED from Cordova/app/AndroidManifest.xml:32:5-81
	android:name
		ADDED from Cordova/app/AndroidManifest.xml:32:22-78
uses-permission#android.permission.ACCESS_FINE_LOCATION
ADDED from Cordova/app/AndroidManifest.xml:33:5-79
	android:name
		ADDED from Cordova/app/AndroidManifest.xml:33:22-76
uses-permission#android.permission.ACCESS_LOCATION_EXTRA_COMMANDS
ADDED from Cordova/app/AndroidManifest.xml:34:5-89
	android:name
		ADDED from Cordova/app/AndroidManifest.xml:34:22-86
uses-permission#android.permission.INTERNET
ADDED from Cordova/app/AndroidManifest.xml:35:5-67
	android:name
		ADDED from Cordova/app/AndroidManifest.xml:35:22-64
uses-permission#android.permission.READ_PHONE_STATE
ADDED from Cordova/app/AndroidManifest.xml:36:5-75
	android:name
		ADDED from Cordova/app/AndroidManifest.xml:36:22-72
uses-permission#android.permission.RECEIVE_SMS
ADDED from Cordova/app/AndroidManifest.xml:37:5-70
	android:name
		ADDED from Cordova/app/AndroidManifest.xml:37:22-67
uses-permission#android.permission.RECORD_AUDIO
ADDED from Cordova/app/AndroidManifest.xml:38:5-71
	android:name
		ADDED from Cordova/app/AndroidManifest.xml:38:22-68
uses-permission#android.permission.RECORD_VIDEO
ADDED from Cordova/app/AndroidManifest.xml:39:5-70
	android:name
		ADDED from Cordova/app/AndroidManifest.xml:39:22-68
uses-permission#android.permission.MODIFY_AUDIO_SETTINGS
ADDED from Cordova/app/AndroidManifest.xml:40:5-80
	android:name
		ADDED from Cordova/app/AndroidManifest.xml:40:22-77
uses-permission#android.permission.READ_CONTACTS
ADDED from Cordova/app/AndroidManifest.xml:41:5-72
	android:name
		ADDED from Cordova/app/AndroidManifest.xml:41:22-69
uses-permission#android.permission.WRITE_CONTACTS
ADDED from Cordova/app/AndroidManifest.xml:42:5-73
	android:name
		ADDED from Cordova/app/AndroidManifest.xml:42:22-70
uses-permission#android.permission.WRITE_EXTERNAL_STORAGE
ADDED from Cordova/app/AndroidManifest.xml:43:5-81
	android:name
		ADDED from Cordova/app/AndroidManifest.xml:43:22-78
uses-permission#android.permission.ACCESS_NETWORK_STATE
ADDED from Cordova/app/AndroidManifest.xml:44:5-79
	android:name
		ADDED from Cordova/app/AndroidManifest.xml:44:22-76
uses-permission#android.permission.GET_ACCOUNTS
ADDED from Cordova/app/AndroidManifest.xml:45:5-71
	android:name
		ADDED from Cordova/app/AndroidManifest.xml:45:22-68
uses-permission#android.permission.BROADCAST_STICKY
ADDED from Cordova/app/AndroidManifest.xml:46:5-75
	android:name
		ADDED from Cordova/app/AndroidManifest.xml:46:22-72
uses-sdk
ADDED from Cordova/app/AndroidManifest.xml:48:5-73
MERGED from [Cordova:CordovaLib:unspecified:debug] AndroidManifest.xml:25:5-44
	android:targetSdkVersion
		ADDED from Cordova/app/AndroidManifest.xml:48:42-71
	android:minSdkVersion
		ADDED from Cordova/app/AndroidManifest.xml:48:15-41
instrumentation
ADDED from Cordova/app/AndroidManifest.xml:50:5-52:59
	android:targetPackage
		ADDED from Cordova/app/AndroidManifest.xml:52:9-56
	android:name
		ADDED from Cordova/app/AndroidManifest.xml:51:9-62
application
ADDED from Cordova/app/AndroidManifest.xml:54:5-86:19
	android:label
		ADDED from Cordova/app/AndroidManifest.xml:56:9-41
	android:icon
		ADDED from Cordova/app/AndroidManifest.xml:55:9-38
uses-library#android.test.runner
ADDED from Cordova/app/AndroidManifest.xml:57:9-60
	android:name
		ADDED from Cordova/app/AndroidManifest.xml:57:23-57
activity#org.apache.cordova.test.CordovaWebViewTestActivity
ADDED from Cordova/app/AndroidManifest.xml:58:9-67:20
	android:label
		ADDED from Cordova/app/AndroidManifest.xml:60:13-45
	android:windowSoftInputMode
		ADDED from Cordova/app/AndroidManifest.xml:59:13-52
	android:configChanges
		ADDED from Cordova/app/AndroidManifest.xml:61:13-63
	android:name
		ADDED from Cordova/app/AndroidManifest.xml:62:13-78
intent-filter#android.intent.action.MAIN+android.intent.category.LAUNCHER
ADDED from Cordova/app/AndroidManifest.xml:63:13-66:29
action#android.intent.action.MAIN
ADDED from Cordova/app/AndroidManifest.xml:64:17-69
	android:name
		ADDED from Cordova/app/AndroidManifest.xml:64:25-66
category#android.intent.category.LAUNCHER
ADDED from Cordova/app/AndroidManifest.xml:65:17-77
	android:name
		ADDED from Cordova/app/AndroidManifest.xml:65:27-74
activity#org.apache.cordova.test.MainTestActivity
ADDED from Cordova/app/AndroidManifest.xml:68:9-73:20
	android:label
		ADDED from Cordova/app/AndroidManifest.xml:70:13-45
	android:windowSoftInputMode
		ADDED from Cordova/app/AndroidManifest.xml:69:13-52
	android:configChanges
		ADDED from Cordova/app/AndroidManifest.xml:71:13-63
	android:name
		ADDED from Cordova/app/AndroidManifest.xml:72:13-68
activity#org.apache.cordova.test.menus
ADDED from Cordova/app/AndroidManifest.xml:74:9-79:20
	android:label
		ADDED from Cordova/app/AndroidManifest.xml:76:13-45
	android:windowSoftInputMode
		ADDED from Cordova/app/AndroidManifest.xml:75:13-52
	android:configChanges
		ADDED from Cordova/app/AndroidManifest.xml:77:13-63
	android:name
		ADDED from Cordova/app/AndroidManifest.xml:78:13-57
activity#org.apache.cordova.test.userwebview
ADDED from Cordova/app/AndroidManifest.xml:80:9-85:20
	android:label
		ADDED from Cordova/app/AndroidManifest.xml:82:13-45
	android:windowSoftInputMode
		ADDED from Cordova/app/AndroidManifest.xml:81:13-52
	android:configChanges
		ADDED from Cordova/app/AndroidManifest.xml:83:13-63
	android:name
		ADDED from Cordova/app/AndroidManifest.xml:84:13-63